app/build/outputs/logs/manifest-merger-release-report.txt
-- Merging decision tree log ---
manifest
ADDED from src/main/AndroidManifest.xml:2:1-82:12
	xmlns:android
		ADDED from src/main/AndroidManifest.xml:2:11-69
	package
		ADDED from src/main/AndroidManifest.xml:3:5-41
		INJECTED from src/main/AndroidManifest.xml
		INJECTED from src/main/AndroidManifest.xml
	android:versionName
		INJECTED from src/main/AndroidManifest.xml
		INJECTED from src/main/AndroidManifest.xml
	android:versionCode
		INJECTED from src/main/AndroidManifest.xml
		INJECTED from src/main/AndroidManifest.xml
uses-permission#android.permission.WAKE_LOCK
ADDED from src/main/AndroidManifest.xml:5:5-68
	android:name
		ADDED from src/main/AndroidManifest.xml:5:22-65
uses-permission#android.permission.RECEIVE_BOOT_COMPLETED
ADDED from src/main/AndroidManifest.xml:6:5-81
	android:name
		ADDED from src/main/AndroidManifest.xml:6:22-78
uses-permission#android.permission.SYSTEM_ALERT_WINDOW
ADDED from src/main/AndroidManifest.xml:7:5-78
	android:name
		ADDED from src/main/AndroidManifest.xml:7:22-75
application
ADDED from src/main/AndroidManifest.xml:9:5-80:19
MERGED from [com.android.support:appcompat-v7:23.1.1] AndroidManifest.xml:22:5-20
MERGED from [com.android.support:support-v4:23.1.1] AndroidManifest.xml:22:5-20
	android:supportsRtl
		ADDED from src/main/AndroidManifest.xml:14:9-35
	android:label
		ADDED from src/main/AndroidManifest.xml:13:9-41
	android:allowBackup
		ADDED from src/main/AndroidManifest.xml:11:9-35
	android:icon
		ADDED from src/main/AndroidManifest.xml:12:9-43
	android:theme
		ADDED from src/main/AndroidManifest.xml:15:9-40
	android:name
		ADDED from src/main/AndroidManifest.xml:10:9-29
activity#com.prasilabs.screenlocker.view.MainActivity
ADDED from src/main/AndroidManifest.xml:16:9-21:20
	android:name
		ADDED from src/main/AndroidManifest.xml:16:19-52
intent-filter#android.intent.action.MAIN+android.intent.category.LAUNCHER
ADDED from src/main/AndroidManifest.xml:17:13-20:29
action#android.intent.action.MAIN
ADDED from src/main/AndroidManifest.xml:18:17-69
	android:name
		ADDED from src/main/AndroidManifest.xml:18:25-66
category#android.intent.category.LAUNCHER
ADDED from src/main/AndroidManifest.xml:19:17-77
	android:name
		ADDED from src/main/AndroidManifest.xml:19:27-74
activity#com.prasilabs.screenlocker.widgets.ShortCutActivity
ADDED from src/main/AndroidManifest.xml:23:9-30:20
	android:label
		ADDED from src/main/AndroidManifest.xml:24:13-37
	android:exported
		ADDED from src/main/AndroidManifest.xml:25:13-36
	android:name
		ADDED from src/main/AndroidManifest.xml:23:19-59
intent-filter#android.intent.action.CREATE_SHORTCUT+android.intent.category.DEFAULT
ADDED from src/main/AndroidManifest.xml:26:13-29:29
action#android.intent.action.CREATE_SHORTCUT
ADDED from src/main/AndroidManifest.xml:27:17-80
	android:name
		ADDED from src/main/AndroidManifest.xml:27:25-77
category#android.intent.category.DEFAULT
ADDED from src/main/AndroidManifest.xml:28:17-76
	android:name
		ADDED from src/main/AndroidManifest.xml:28:27-73
activity#com.prasilabs.screenlocker.widgets.LockNowActivity
ADDED from src/main/AndroidManifest.xml:32:9-39:20
	android:label
		ADDED from src/main/AndroidManifest.xml:34:13-37
	android:theme
		ADDED from src/main/AndroidManifest.xml:35:13-61
	android:exported
		ADDED from src/main/AndroidManifest.xml:33:13-36
	android:name
		ADDED from src/main/AndroidManifest.xml:32:19-58
intent-filter#android.intent.category.DEFAULT
ADDED from src/main/AndroidManifest.xml:36:13-38:29
receiver#com.prasilabs.screenlocker.services.MediaButtonIntentReciever
ADDED from src/main/AndroidManifest.xml:41:9-50:20
	android:exported
		ADDED from src/main/AndroidManifest.xml:44:13-36
	android:enabled
		ADDED from src/main/AndroidManifest.xml:43:13-35
	android:name
		ADDED from src/main/AndroidManifest.xml:42:13-63
intent-filter#LOCK_SCREEN_ACTION_INTENT+android.intent.action.BOOT_COMPLETED+android.media.VOLUME_CHANGED_ACTION
ADDED from src/main/AndroidManifest.xml:45:13-49:29
action#android.media.VOLUME_CHANGED_ACTION
ADDED from src/main/AndroidManifest.xml:46:17-78
	android:name
		ADDED from src/main/AndroidManifest.xml:46:25-75
action#LOCK_SCREEN_ACTION_INTENT
ADDED from src/main/AndroidManifest.xml:47:17-68
	android:name
		ADDED from src/main/AndroidManifest.xml:47:25-65
action#android.intent.action.BOOT_COMPLETED
ADDED from src/main/AndroidManifest.xml:48:17-79
	android:name
		ADDED from src/main/AndroidManifest.xml:48:25-76
service#com.prasilabs.screenlocker.services.ScreenLockService
ADDED from src/main/AndroidManifest.xml:52:9-56:19
	android:exported
		ADDED from src/main/AndroidManifest.xml:55:13-37
	android:enabled
		ADDED from src/main/AndroidManifest.xml:54:13-35
	android:name
		ADDED from src/main/AndroidManifest.xml:53:13-55
receiver#com.prasilabs.screenlocker.widgets.ScreenLockWidgetProvider
ADDED from src/main/AndroidManifest.xml:59:9-67:20
	android:name
		ADDED from src/main/AndroidManifest.xml:60:13-61
intent-filter#android.appwidget.action.APPWIDGET_UPDATE
ADDED from src/main/AndroidManifest.xml:61:13-63:29
action#android.appwidget.action.APPWIDGET_UPDATE
ADDED from src/main/AndroidManifest.xml:62:17-84
	android:name
		ADDED from src/main/AndroidManifest.xml:62:25-81
meta-data#android.appwidget.provider
ADDED from src/main/AndroidManifest.xml:64:13-66:62
	android:resource
		ADDED from src/main/AndroidManifest.xml:66:17-59
	android:name
		ADDED from src/main/AndroidManifest.xml:65:17-58
receiver#com.prasilabs.screenlocker.VApp$VAdmin
ADDED from src/main/AndroidManifest.xml:69:9-79:20
	android:label
		ADDED from src/main/AndroidManifest.xml:70:13-45
	android:description
		ADDED from src/main/AndroidManifest.xml:71:13-51
	android:permission
		ADDED from src/main/AndroidManifest.xml:72:13-70
	android:name
		ADDED from src/main/AndroidManifest.xml:69:19-46
meta-data#android.app.device_admin
ADDED from src/main/AndroidManifest.xml:73:13-75:50
	android:resource
		ADDED from src/main/AndroidManifest.xml:75:17-47
	android:name
		ADDED from src/main/AndroidManifest.xml:74:17-56
intent-filter#android.app.action.DEVICE_ADMIN_ENABLED
ADDED from src/main/AndroidManifest.xml:76:13-78:29
action#android.app.action.DEVICE_ADMIN_ENABLED
ADDED from src/main/AndroidManifest.xml:77:17-82
	android:name
		ADDED from src/main/AndroidManifest.xml:77:25-79
uses-sdk
INJECTED from src/main/AndroidManifest.xml reason: use-sdk injection requested
MERGED from [com.android.support:appcompat-v7:23.1.1] AndroidManifest.xml:20:5-43
MERGED from [com.android.support:support-v4:23.1.1] AndroidManifest.xml:20:5-43
	android:targetSdkVersion
		INJECTED from src/main/AndroidManifest.xml
		INJECTED from src/main/AndroidManifest.xml
	android:minSdkVersion
		INJECTED from src/main/AndroidManifest.xml
		INJECTED from src/main/AndroidManifest.xml